   0  $accept : %entry% $end

   1  formula : form formula
   2          | EOF

   3  form : VAR EQU VAR
   4       | VAR DIS VAR
   5       | LPAREN form RPAREN
   6       | NOT form
   7       | form OR form
   8       | form AND form
   9       | form IMPLY form

  10  %entry% : '\001' formula

state 0
	$accept : . %entry% $end  (0)

	'\001'  shift 1
	.  error

	%entry%  goto 2


state 1
	%entry% : '\001' . formula  (10)

	VAR  shift 3
	LPAREN  shift 4
	NOT  shift 5
	EOF  shift 6
	.  error

	formula  goto 7
	form  goto 8


state 2
	$accept : %entry% . $end  (0)

	$end  accept


state 3
	form : VAR . EQU VAR  (3)
	form : VAR . DIS VAR  (4)

	EQU  shift 9
	DIS  shift 10
	.  error


state 4
	form : LPAREN . form RPAREN  (5)

	VAR  shift 3
	LPAREN  shift 4
	NOT  shift 5
	.  error

	form  goto 11


state 5
	form : NOT . form  (6)

	VAR  shift 3
	LPAREN  shift 4
	NOT  shift 5
	.  error

	form  goto 12


state 6
	formula : EOF .  (2)

	.  reduce 2


state 7
	%entry% : '\001' formula .  (10)

	.  reduce 10


state 8
	formula : form . formula  (1)
	form : form . OR form  (7)
	form : form . AND form  (8)
	form : form . IMPLY form  (9)

	VAR  shift 3
	LPAREN  shift 4
	IMPLY  shift 13
	AND  shift 14
	OR  shift 15
	NOT  shift 5
	EOF  shift 6
	.  error

	formula  goto 16
	form  goto 8


state 9
	form : VAR EQU . VAR  (3)

	VAR  shift 17
	.  error


state 10
	form : VAR DIS . VAR  (4)

	VAR  shift 18
	.  error


state 11
	form : LPAREN form . RPAREN  (5)
	form : form . OR form  (7)
	form : form . AND form  (8)
	form : form . IMPLY form  (9)

	RPAREN  shift 19
	IMPLY  shift 13
	AND  shift 14
	OR  shift 15
	.  error


state 12
	form : NOT form .  (6)
	form : form . OR form  (7)
	form : form . AND form  (8)
	form : form . IMPLY form  (9)

	.  reduce 6


state 13
	form : form IMPLY . form  (9)

	VAR  shift 3
	LPAREN  shift 4
	NOT  shift 5
	.  error

	form  goto 20


state 14
	form : form AND . form  (8)

	VAR  shift 3
	LPAREN  shift 4
	NOT  shift 5
	.  error

	form  goto 21


state 15
	form : form OR . form  (7)

	VAR  shift 3
	LPAREN  shift 4
	NOT  shift 5
	.  error

	form  goto 22


state 16
	formula : form formula .  (1)

	.  reduce 1


state 17
	form : VAR EQU VAR .  (3)

	.  reduce 3


state 18
	form : VAR DIS VAR .  (4)

	.  reduce 4


state 19
	form : LPAREN form RPAREN .  (5)

	.  reduce 5


state 20
	form : form . OR form  (7)
	form : form . AND form  (8)
	form : form . IMPLY form  (9)
	form : form IMPLY form .  (9)

	IMPLY  shift 13
	AND  shift 14
	OR  shift 15
	VAR  reduce 9
	LPAREN  reduce 9
	RPAREN  reduce 9
	NOT  reduce 9
	EOF  reduce 9


state 21
	form : form . OR form  (7)
	form : form . AND form  (8)
	form : form AND form .  (8)
	form : form . IMPLY form  (9)

	.  reduce 8


state 22
	form : form . OR form  (7)
	form : form OR form .  (7)
	form : form . AND form  (8)
	form : form . IMPLY form  (9)

	AND  shift 14
	VAR  reduce 7
	LPAREN  reduce 7
	RPAREN  reduce 7
	IMPLY  reduce 7
	OR  reduce 7
	NOT  reduce 7
	EOF  reduce 7


13 terminals, 4 nonterminals
11 grammar rules, 23 states
